13:01:44.407 [main] INFO  testCases.TC_003_LoginDataDrivenTest - Closing the application
13:02:11.790 [main] INFO  testCases.TC_003_LoginDataDrivenTest - Launching chrome browser
13:02:13.315 [main] INFO  testCases.TC_003_LoginDataDrivenTest - Launching the browser
13:02:17.234 [main] INFO  testCases.TC_003_LoginDataDrivenTest -  Starting TC_003_LoginDataDrivenTest 
13:02:19.526 [main] INFO  testCases.TC_003_LoginDataDrivenTest - Finishing TC_003_DataDrivenTest.......
13:02:19.542 [main] INFO  testCases.TC_003_LoginDataDrivenTest -  Starting TC_003_LoginDataDrivenTest 
13:02:21.566 [main] INFO  testCases.TC_003_LoginDataDrivenTest - Finishing TC_003_DataDrivenTest.......
13:02:21.566 [main] INFO  testCases.TC_003_LoginDataDrivenTest -  Starting TC_003_LoginDataDrivenTest 
13:02:23.617 [main] INFO  testCases.TC_003_LoginDataDrivenTest - Finishing TC_003_DataDrivenTest.......
13:02:23.625 [main] INFO  testCases.TC_003_LoginDataDrivenTest -  Starting TC_003_LoginDataDrivenTest 
13:02:34.784 [main] INFO  testCases.TC_003_LoginDataDrivenTest - Finishing TC_003_DataDrivenTest.......
13:02:34.784 [main] INFO  testCases.TC_003_LoginDataDrivenTest -  Starting TC_003_LoginDataDrivenTest 
13:02:36.999 [main] INFO  testCases.TC_003_LoginDataDrivenTest - Finishing TC_003_DataDrivenTest.......
13:02:36.999 [main] INFO  testCases.TC_003_LoginDataDrivenTest - Closing the application
13:03:48.600 [main] INFO  testCases.TC_003_LoginDataDrivenTest - Launching chrome browser
13:03:50.186 [main] INFO  testCases.TC_003_LoginDataDrivenTest - Launching the browser
13:03:53.396 [main] INFO  testCases.TC_003_LoginDataDrivenTest -  Starting TC_003_LoginDataDrivenTest 
13:03:55.674 [main] INFO  testCases.TC_003_LoginDataDrivenTest - Finishing TC_003_DataDrivenTest.......
13:03:55.684 [main] INFO  testCases.TC_003_LoginDataDrivenTest -  Starting TC_003_LoginDataDrivenTest 
13:03:57.721 [main] INFO  testCases.TC_003_LoginDataDrivenTest - Finishing TC_003_DataDrivenTest.......
13:03:57.721 [main] INFO  testCases.TC_003_LoginDataDrivenTest -  Starting TC_003_LoginDataDrivenTest 
13:03:59.775 [main] INFO  testCases.TC_003_LoginDataDrivenTest - Finishing TC_003_DataDrivenTest.......
13:03:59.775 [main] INFO  testCases.TC_003_LoginDataDrivenTest -  Starting TC_003_LoginDataDrivenTest 
13:04:10.958 [main] INFO  testCases.TC_003_LoginDataDrivenTest - Finishing TC_003_DataDrivenTest.......
13:04:10.958 [main] INFO  testCases.TC_003_LoginDataDrivenTest -  Starting TC_003_LoginDataDrivenTest 
13:04:13.028 [main] INFO  testCases.TC_003_LoginDataDrivenTest - Finishing TC_003_DataDrivenTest.......
13:04:13.028 [main] INFO  testCases.TC_003_LoginDataDrivenTest - Closing the application
13:04:49.888 [main] INFO  testCases.TC_003_LoginDataDrivenTest - Launching chrome browser
13:04:51.415 [main] INFO  testCases.TC_003_LoginDataDrivenTest - Launching the browser
13:04:54.551 [main] INFO  testCases.TC_003_LoginDataDrivenTest -  Starting TC_003_LoginDataDrivenTest 
13:04:56.819 [main] INFO  testCases.TC_003_LoginDataDrivenTest - Finishing TC_003_DataDrivenTest.......
13:04:56.835 [main] INFO  testCases.TC_003_LoginDataDrivenTest -  Starting TC_003_LoginDataDrivenTest 
13:04:58.955 [main] INFO  testCases.TC_003_LoginDataDrivenTest - Finishing TC_003_DataDrivenTest.......
13:04:58.958 [main] INFO  testCases.TC_003_LoginDataDrivenTest -  Starting TC_003_LoginDataDrivenTest 
13:05:01.432 [main] INFO  testCases.TC_003_LoginDataDrivenTest - Finishing TC_003_DataDrivenTest.......
13:05:01.436 [main] INFO  testCases.TC_003_LoginDataDrivenTest -  Starting TC_003_LoginDataDrivenTest 
13:05:12.741 [main] INFO  testCases.TC_003_LoginDataDrivenTest -  Starting TC_003_LoginDataDrivenTest 
13:05:14.896 [main] INFO  testCases.TC_003_LoginDataDrivenTest - Finishing TC_003_DataDrivenTest.......
13:05:14.904 [main] INFO  testCases.TC_003_LoginDataDrivenTest - Closing the application
13:05:45.981 [main] INFO  testCases.TC_003_LoginDataDrivenTest - Launching chrome browser
13:05:47.532 [main] INFO  testCases.TC_003_LoginDataDrivenTest - Launching the browser
13:05:50.951 [main] INFO  testCases.TC_003_LoginDataDrivenTest -  Starting TC_003_LoginDataDrivenTest 
13:05:53.336 [main] INFO  testCases.TC_003_LoginDataDrivenTest - Finishing TC_003_DataDrivenTest.......
13:05:53.344 [main] INFO  testCases.TC_003_LoginDataDrivenTest -  Starting TC_003_LoginDataDrivenTest 
13:05:55.484 [main] INFO  testCases.TC_003_LoginDataDrivenTest - Finishing TC_003_DataDrivenTest.......
13:05:55.484 [main] INFO  testCases.TC_003_LoginDataDrivenTest -  Starting TC_003_LoginDataDrivenTest 
13:05:57.636 [main] INFO  testCases.TC_003_LoginDataDrivenTest - Finishing TC_003_DataDrivenTest.......
13:05:57.636 [main] INFO  testCases.TC_003_LoginDataDrivenTest -  Starting TC_003_LoginDataDrivenTest 
13:06:08.797 [main] INFO  testCases.TC_003_LoginDataDrivenTest -  Starting TC_003_LoginDataDrivenTest 
13:06:10.893 [main] INFO  testCases.TC_003_LoginDataDrivenTest - Finishing TC_003_DataDrivenTest.......
